<?xml version="1.0" encoding="UTF-8"?>
<!-- Generated by org.testng.reporters.JUnitReportReporter -->
<testsuite skipped="0" hostname="home-PC" name="org.acc.Testng.Practice" tests="2" failures="0" timestamp="04 Apr 2020 08:36:52 GMT" time="24.472" errors="0">
  <testcase name="data" time="23.913" classname="org.acc.Testng.Practice"/>
  <testcase name="login" time="0.559" classname="org.acc.Testng.Practice"/>
</testsuite> <!-- org.acc.Testng.Practice -->
