<?xml version="1.0" encoding="UTF-8"?>
<!-- Generated by org.testng.reporters.JUnitReportReporter -->
<testsuite skipped="0" hostname="home-PC" name="org.acc.Testng.SAssert" tests="1" failures="0" timestamp="22 Mar 2020 14:41:51 GMT" time="0.640" errors="0">
  <testcase name="login" time="0.640" classname="org.acc.Testng.SAssert"/>
</testsuite> <!-- org.acc.Testng.SAssert -->
